{"/home/upc/projects/foodme-sol/test/component/controllers/RestaurantsControllerSpec.js":{"path":"/home/upc/projects/foodme-sol/test/component/controllers/RestaurantsControllerSpec.js","s":{"1":1,"2":1,"3":0,"4":0,"5":0,"6":0,"7":0,"8":0,"9":0,"10":0,"11":0,"12":0,"13":0,"14":0,"15":0,"16":0,"17":0,"18":0,"19":0,"20":0,"21":0,"22":0,"23":0,"24":0,"25":0,"26":0,"27":0,"28":0,"29":0,"30":0,"31":0,"32":0,"33":0,"34":0,"35":0,"36":0,"37":0,"38":0,"39":0,"40":0,"41":0,"42":0,"43":0,"44":0,"45":0,"46":0,"47":0},"b":{},"f":{"1":0,"2":0,"3":0,"4":0,"5":0,"6":0,"7":0,"8":0,"9":0,"10":0,"11":0,"12":0,"13":0,"14":0,"15":0,"16":0,"17":0,"18":0},"fnMap":{"1":{"name":"(anonymous_1)","line":41,"loc":{"start":{"line":41,"column":36},"end":{"line":41,"column":47}}},"2":{"name":"(anonymous_2)","line":44,"loc":{"start":{"line":44,"column":18},"end":{"line":44,"column":40}}},"3":{"name":"(anonymous_3)","line":45,"loc":{"start":{"line":45,"column":29},"end":{"line":45,"column":50}}},"4":{"name":"(anonymous_4)","line":50,"loc":{"start":{"line":50,"column":15},"end":{"line":50,"column":26}}},"5":{"name":"(anonymous_5)","line":58,"loc":{"start":{"line":58,"column":22},"end":{"line":58,"column":70}}},"6":{"name":"(anonymous_6)","line":68,"loc":{"start":{"line":68,"column":33},"end":{"line":68,"column":44}}},"7":{"name":"(anonymous_7)","line":71,"loc":{"start":{"line":71,"column":19},"end":{"line":71,"column":30}}},"8":{"name":"(anonymous_8)","line":77,"loc":{"start":{"line":77,"column":19},"end":{"line":77,"column":30}}},"9":{"name":"(anonymous_9)","line":85,"loc":{"start":{"line":85,"column":34},"end":{"line":85,"column":45}}},"10":{"name":"(anonymous_10)","line":88,"loc":{"start":{"line":88,"column":19},"end":{"line":88,"column":30}}},"11":{"name":"(anonymous_11)","line":94,"loc":{"start":{"line":94,"column":19},"end":{"line":94,"column":30}}},"12":{"name":"(anonymous_12)","line":102,"loc":{"start":{"line":102,"column":35},"end":{"line":102,"column":46}}},"13":{"name":"(anonymous_13)","line":105,"loc":{"start":{"line":105,"column":19},"end":{"line":105,"column":30}}},"14":{"name":"(anonymous_14)","line":111,"loc":{"start":{"line":111,"column":19},"end":{"line":111,"column":30}}},"15":{"name":"(anonymous_15)","line":119,"loc":{"start":{"line":119,"column":31},"end":{"line":119,"column":42}}},"16":{"name":"(anonymous_16)","line":121,"loc":{"start":{"line":121,"column":19},"end":{"line":121,"column":30}}},"17":{"name":"(anonymous_17)","line":130,"loc":{"start":{"line":130,"column":19},"end":{"line":130,"column":30}}},"18":{"name":"(anonymous_18)","line":139,"loc":{"start":{"line":139,"column":19},"end":{"line":139,"column":30}}}},"statementMap":{"1":{"start":{"line":3,"column":2},"end":{"line":39,"column":4}},"2":{"start":{"line":41,"column":2},"end":{"line":147,"column":5}},"3":{"start":{"line":42,"column":4},"end":{"line":42,"column":14}},"4":{"start":{"line":44,"column":4},"end":{"line":48,"column":6}},"5":{"start":{"line":45,"column":6},"end":{"line":47,"column":9}},"6":{"start":{"line":46,"column":8},"end":{"line":46,"column":29}},"7":{"start":{"line":50,"column":4},"end":{"line":52,"column":7}},"8":{"start":{"line":51,"column":6},"end":{"line":51,"column":26}},"9":{"start":{"line":58,"column":4},"end":{"line":65,"column":8}},"10":{"start":{"line":59,"column":6},"end":{"line":59,"column":25}},"11":{"start":{"line":61,"column":6},"end":{"line":61,"column":64}},"12":{"start":{"line":62,"column":6},"end":{"line":62,"column":60}},"13":{"start":{"line":64,"column":6},"end":{"line":64,"column":27}},"14":{"start":{"line":68,"column":4},"end":{"line":82,"column":7}},"15":{"start":{"line":69,"column":6},"end":{"line":69,"column":47}},"16":{"start":{"line":71,"column":6},"end":{"line":73,"column":9}},"17":{"start":{"line":72,"column":8},"end":{"line":72,"column":31}},"18":{"start":{"line":75,"column":6},"end":{"line":75,"column":74}},"19":{"start":{"line":77,"column":6},"end":{"line":79,"column":9}},"20":{"start":{"line":78,"column":8},"end":{"line":78,"column":34}},"21":{"start":{"line":81,"column":6},"end":{"line":81,"column":47}},"22":{"start":{"line":85,"column":4},"end":{"line":99,"column":7}},"23":{"start":{"line":86,"column":6},"end":{"line":86,"column":47}},"24":{"start":{"line":88,"column":6},"end":{"line":90,"column":9}},"25":{"start":{"line":89,"column":8},"end":{"line":89,"column":32}},"26":{"start":{"line":92,"column":6},"end":{"line":92,"column":67}},"27":{"start":{"line":94,"column":6},"end":{"line":96,"column":9}},"28":{"start":{"line":95,"column":8},"end":{"line":95,"column":35}},"29":{"start":{"line":98,"column":6},"end":{"line":98,"column":47}},"30":{"start":{"line":102,"column":4},"end":{"line":116,"column":7}},"31":{"start":{"line":103,"column":6},"end":{"line":103,"column":47}},"32":{"start":{"line":105,"column":6},"end":{"line":107,"column":9}},"33":{"start":{"line":106,"column":8},"end":{"line":106,"column":42}},"34":{"start":{"line":109,"column":6},"end":{"line":109,"column":62}},"35":{"start":{"line":111,"column":6},"end":{"line":113,"column":9}},"36":{"start":{"line":112,"column":8},"end":{"line":112,"column":53}},"37":{"start":{"line":115,"column":6},"end":{"line":115,"column":74}},"38":{"start":{"line":119,"column":4},"end":{"line":146,"column":7}},"39":{"start":{"line":121,"column":6},"end":{"line":123,"column":9}},"40":{"start":{"line":122,"column":8},"end":{"line":122,"column":29}},"41":{"start":{"line":125,"column":6},"end":{"line":127,"column":9}},"42":{"start":{"line":130,"column":6},"end":{"line":132,"column":9}},"43":{"start":{"line":131,"column":8},"end":{"line":131,"column":31}},"44":{"start":{"line":134,"column":6},"end":{"line":136,"column":9}},"45":{"start":{"line":139,"column":6},"end":{"line":141,"column":9}},"46":{"start":{"line":140,"column":8},"end":{"line":140,"column":31}},"47":{"start":{"line":143,"column":6},"end":{"line":145,"column":9}}},"branchMap":{}}}